<?xml version="1.0" encoding="UTF-8"?>
<testng-results skipped="0" failed="0" ignored="0" total="1" passed="1">
  <reporter-output>
  </reporter-output>
  <suite name="Default suite" duration-ms="8765" started-at="2019-08-29T12:34:26Z" finished-at="2019-08-29T12:34:35Z">
    <groups>
    </groups>
    <test name="Default test" duration-ms="8765" started-at="2019-08-29T12:34:26Z" finished-at="2019-08-29T12:34:35Z">
      <class name="TestNGPkg.TestNgDemo">
        <test-method status="PASS" signature="f()[pri:0, instance:TestNGPkg.TestNgDemo@6a024a67]" name="f" duration-ms="8744" started-at="2019-08-29T18:04:26Z" finished-at="2019-08-29T18:04:35Z">
          <reporter-output>
          </reporter-output>
        </test-method> <!-- f -->
      </class> <!-- TestNGPkg.TestNgDemo -->
    </test> <!-- Default test -->
  </suite> <!-- Default suite -->
</testng-results>
